c:\users\conta\documents\visual studio 2017\projects\wow_rl_api\wow_rl_api\debug\wow_rl_api.pch
c:\users\conta\documents\visual studio 2017\projects\wow_rl_api\wow_rl_api\debug\vc141.pdb
c:\users\conta\documents\visual studio 2017\projects\wow_rl_api\wow_rl_api\debug\vc141.idb
c:\users\conta\documents\visual studio 2017\projects\wow_rl_api\wow_rl_api\debug\stdafx.obj
c:\users\conta\documents\visual studio 2017\projects\wow_rl_api\wow_rl_api\debug\wow_rl_api.obj
c:\users\conta\documents\visual studio 2017\projects\wow_rl_api\wow_rl_api\debug\memoryreader.obj
c:\users\conta\documents\visual studio 2017\projects\wow_rl_api\wow_rl_api\debug\memoryaction.obj
c:\users\conta\documents\visual studio 2017\projects\wow_rl_api\wow_rl_api\debug\actionapi.obj
c:\users\conta\documents\visual studio 2017\projects\wow_rl_api\debug\wow_rl_api.ilk
c:\users\conta\documents\visual studio 2017\projects\wow_rl_api\debug\wow_rl_api.exe
c:\users\conta\documents\visual studio 2017\projects\wow_rl_api\debug\wow_rl_api.pdb
c:\users\conta\documents\visual studio 2017\projects\wow_rl_api\wow_rl_api\debug\wow_rl_api.tlog\cl.command.1.tlog
c:\users\conta\documents\visual studio 2017\projects\wow_rl_api\wow_rl_api\debug\wow_rl_api.tlog\cl.read.1.tlog
c:\users\conta\documents\visual studio 2017\projects\wow_rl_api\wow_rl_api\debug\wow_rl_api.tlog\cl.write.1.tlog
c:\users\conta\documents\visual studio 2017\projects\wow_rl_api\wow_rl_api\debug\wow_rl_api.tlog\link-cvtres.read.1.tlog
c:\users\conta\documents\visual studio 2017\projects\wow_rl_api\wow_rl_api\debug\wow_rl_api.tlog\link-cvtres.write.1.tlog
c:\users\conta\documents\visual studio 2017\projects\wow_rl_api\wow_rl_api\debug\wow_rl_api.tlog\link-rc.read.1.tlog
c:\users\conta\documents\visual studio 2017\projects\wow_rl_api\wow_rl_api\debug\wow_rl_api.tlog\link-rc.write.1.tlog
c:\users\conta\documents\visual studio 2017\projects\wow_rl_api\wow_rl_api\debug\wow_rl_api.tlog\link.7080-cvtres.read.1.tlog
c:\users\conta\documents\visual studio 2017\projects\wow_rl_api\wow_rl_api\debug\wow_rl_api.tlog\link.7080-cvtres.write.1.tlog
c:\users\conta\documents\visual studio 2017\projects\wow_rl_api\wow_rl_api\debug\wow_rl_api.tlog\link.7080-rc.read.1.tlog
c:\users\conta\documents\visual studio 2017\projects\wow_rl_api\wow_rl_api\debug\wow_rl_api.tlog\link.7080-rc.write.1.tlog
c:\users\conta\documents\visual studio 2017\projects\wow_rl_api\wow_rl_api\debug\wow_rl_api.tlog\link.7080.read.1.tlog
c:\users\conta\documents\visual studio 2017\projects\wow_rl_api\wow_rl_api\debug\wow_rl_api.tlog\link.7080.write.1.tlog
c:\users\conta\documents\visual studio 2017\projects\wow_rl_api\wow_rl_api\debug\wow_rl_api.tlog\link.command.1.tlog
c:\users\conta\documents\visual studio 2017\projects\wow_rl_api\wow_rl_api\debug\wow_rl_api.tlog\link.read.1.tlog
c:\users\conta\documents\visual studio 2017\projects\wow_rl_api\wow_rl_api\debug\wow_rl_api.tlog\link.write.1.tlog
