c:\users\conta\documents\github\wow_rl_environment\wow_rl_api\wow_rl_api\x64\debug\wow_rl_api.pch
c:\users\conta\documents\github\wow_rl_environment\wow_rl_api\wow_rl_api\x64\debug\vc141.pdb
c:\users\conta\documents\github\wow_rl_environment\wow_rl_api\wow_rl_api\x64\debug\vc141.idb
c:\users\conta\documents\github\wow_rl_environment\wow_rl_api\wow_rl_api\x64\debug\stdafx.obj
c:\users\conta\documents\github\wow_rl_environment\wow_rl_api\wow_rl_api\x64\debug\environment.obj
c:\users\conta\documents\github\wow_rl_environment\wow_rl_api\wow_rl_api\x64\debug\envsimulator.obj
c:\users\conta\documents\github\wow_rl_environment\wow_rl_api\wow_rl_api\x64\debug\grid.obj
c:\users\conta\documents\github\wow_rl_environment\wow_rl_api\wow_rl_api\x64\debug\memoryaction.obj
c:\users\conta\documents\github\wow_rl_environment\wow_rl_api\wow_rl_api\x64\debug\memoryreader.obj
c:\users\conta\documents\github\wow_rl_environment\wow_rl_api\wow_rl_api\x64\debug\memorytest.obj
c:\users\conta\documents\github\wow_rl_environment\wow_rl_api\wow_rl_api\x64\debug\wow_rl_api.obj
c:\users\conta\documents\github\wow_rl_environment\wow_rl_api\wow_rl_api\x64\debug\zones.obj
c:\users\conta\documents\github\wow_rl_environment\wow_rl_api\x64\debug\wow_rl_api.pdb
c:\users\conta\documents\github\wow_rl_environment\wow_rl_api\wow_rl_api\x64\debug\wow_rl_api.tlog\cl.command.1.tlog
c:\users\conta\documents\github\wow_rl_environment\wow_rl_api\wow_rl_api\x64\debug\wow_rl_api.tlog\cl.read.1.tlog
c:\users\conta\documents\github\wow_rl_environment\wow_rl_api\wow_rl_api\x64\debug\wow_rl_api.tlog\cl.write.1.tlog
c:\users\conta\documents\github\wow_rl_environment\wow_rl_api\wow_rl_api\x64\debug\wow_rl_api.tlog\link-cvtres.read.1.tlog
c:\users\conta\documents\github\wow_rl_environment\wow_rl_api\wow_rl_api\x64\debug\wow_rl_api.tlog\link-cvtres.write.1.tlog
c:\users\conta\documents\github\wow_rl_environment\wow_rl_api\wow_rl_api\x64\debug\wow_rl_api.tlog\link-rc.read.1.tlog
c:\users\conta\documents\github\wow_rl_environment\wow_rl_api\wow_rl_api\x64\debug\wow_rl_api.tlog\link-rc.write.1.tlog
c:\users\conta\documents\github\wow_rl_environment\wow_rl_api\wow_rl_api\x64\debug\wow_rl_api.tlog\link.command.1.tlog
c:\users\conta\documents\github\wow_rl_environment\wow_rl_api\wow_rl_api\x64\debug\wow_rl_api.tlog\link.read.1.tlog
c:\users\conta\documents\github\wow_rl_environment\wow_rl_api\wow_rl_api\x64\debug\wow_rl_api.tlog\link.write.1.tlog
