  MemoryReader.cpp
c:\users\conta\documents\visual studio 2017\projects\wow_rl_api\wow_rl_api\memoryreader.cpp(38): warning C4244: 'return': conversion from 'intptr_t' to 'int', possible loss of data
c:\users\conta\documents\visual studio 2017\projects\wow_rl_api\wow_rl_api\memoryreader.cpp(53): warning C4244: 'return': conversion from 'intptr_t' to 'int', possible loss of data
c:\users\conta\documents\visual studio 2017\projects\wow_rl_api\wow_rl_api\memoryreader.cpp(61): warning C4244: 'return': conversion from 'DWORDLONG' to 'long', possible loss of data
  MemoryAction.cpp
c:\users\conta\documents\visual studio 2017\projects\wow_rl_api\wow_rl_api\memoryaction.cpp(87): warning C4244: 'initializing': conversion from 'double' to 'float', possible loss of data
c:\users\conta\documents\visual studio 2017\projects\wow_rl_api\wow_rl_api\memoryaction.cpp(87): warning C4244: 'initializing': conversion from 'double' to 'const float', possible loss of data
  Grid.cpp
  Environment.cpp
c:\users\conta\documents\visual studio 2017\projects\wow_rl_api\wow_rl_api\environment.cpp(75): warning C4244: 'initializing': conversion from 'double' to 'float', possible loss of data
c:\users\conta\documents\visual studio 2017\projects\wow_rl_api\wow_rl_api\environment.cpp(140): error C2039: 'cout': is not a member of 'std'
  c:\program files (x86)\microsoft visual studio\2017\community\vc\tools\msvc\14.10.25017\include\iterator(15): note: see declaration of 'std'
c:\users\conta\documents\visual studio 2017\projects\wow_rl_api\wow_rl_api\environment.cpp(140): error C2065: 'cout': undeclared identifier
c:\users\conta\documents\visual studio 2017\projects\wow_rl_api\wow_rl_api\environment.cpp(141): error C2039: 'cout': is not a member of 'std'
  c:\program files (x86)\microsoft visual studio\2017\community\vc\tools\msvc\14.10.25017\include\iterator(15): note: see declaration of 'std'
c:\users\conta\documents\visual studio 2017\projects\wow_rl_api\wow_rl_api\environment.cpp(141): error C2065: 'cout': undeclared identifier
  Generating Code...
  Compiling...
  wow_rl_api.cpp
c:\users\conta\documents\visual studio 2017\projects\wow_rl_api\wow_rl_api\wow_rl_api.cpp(24): error C2039: 'cout': is not a member of 'std'
  c:\program files (x86)\microsoft visual studio\2017\community\vc\tools\msvc\14.10.25017\include\random(30): note: see declaration of 'std'
c:\users\conta\documents\visual studio 2017\projects\wow_rl_api\wow_rl_api\wow_rl_api.cpp(24): error C2065: 'cout': undeclared identifier
c:\users\conta\documents\visual studio 2017\projects\wow_rl_api\wow_rl_api\wow_rl_api.cpp(41): error C2039: 'cout': is not a member of 'std'
  c:\program files (x86)\microsoft visual studio\2017\community\vc\tools\msvc\14.10.25017\include\random(30): note: see declaration of 'std'
c:\users\conta\documents\visual studio 2017\projects\wow_rl_api\wow_rl_api\wow_rl_api.cpp(41): error C2065: 'cout': undeclared identifier
c:\users\conta\documents\visual studio 2017\projects\wow_rl_api\wow_rl_api\wow_rl_api.cpp(62): error C2039: 'cout': is not a member of 'std'
  c:\program files (x86)\microsoft visual studio\2017\community\vc\tools\msvc\14.10.25017\include\random(30): note: see declaration of 'std'
c:\users\conta\documents\visual studio 2017\projects\wow_rl_api\wow_rl_api\wow_rl_api.cpp(62): error C2065: 'cout': undeclared identifier
c:\users\conta\documents\visual studio 2017\projects\wow_rl_api\wow_rl_api\wow_rl_api.cpp(74): error C2039: 'cout': is not a member of 'std'
  c:\program files (x86)\microsoft visual studio\2017\community\vc\tools\msvc\14.10.25017\include\random(30): note: see declaration of 'std'
c:\users\conta\documents\visual studio 2017\projects\wow_rl_api\wow_rl_api\wow_rl_api.cpp(74): error C2065: 'cout': undeclared identifier
c:\users\conta\documents\visual studio 2017\projects\wow_rl_api\wow_rl_api\wow_rl_api.cpp(75): error C2039: 'cout': is not a member of 'std'
  c:\program files (x86)\microsoft visual studio\2017\community\vc\tools\msvc\14.10.25017\include\random(30): note: see declaration of 'std'
c:\users\conta\documents\visual studio 2017\projects\wow_rl_api\wow_rl_api\wow_rl_api.cpp(75): error C2065: 'cout': undeclared identifier
c:\users\conta\documents\visual studio 2017\projects\wow_rl_api\wow_rl_api\wow_rl_api.cpp(76): error C2039: 'cout': is not a member of 'std'
  c:\program files (x86)\microsoft visual studio\2017\community\vc\tools\msvc\14.10.25017\include\random(30): note: see declaration of 'std'
c:\users\conta\documents\visual studio 2017\projects\wow_rl_api\wow_rl_api\wow_rl_api.cpp(76): error C2065: 'cout': undeclared identifier
c:\users\conta\documents\visual studio 2017\projects\wow_rl_api\wow_rl_api\wow_rl_api.cpp(78): error C2039: 'cout': is not a member of 'std'
  c:\program files (x86)\microsoft visual studio\2017\community\vc\tools\msvc\14.10.25017\include\random(30): note: see declaration of 'std'
c:\users\conta\documents\visual studio 2017\projects\wow_rl_api\wow_rl_api\wow_rl_api.cpp(78): error C2065: 'cout': undeclared identifier
  Zones.cpp
  Generating Code...
